2018-11-28 14:04:29.548 [main] INFO  ntou.soselab.dictionary.LogBackTest - logStarting : Starting LogBackTest on DESKTOP-09K8KCL with PID 17460 (started by surpr in E:\STS_Test\Dictionary)
2018-11-28 14:04:29.550 [main] INFO  ntou.soselab.dictionary.LogBackTest - logStartupProfileInfo : No active profile set, falling back to default profiles: default
2018-11-28 14:04:29.589 [main] INFO  o.s.w.context.support.GenericWebApplicationContext - prepareRefresh : Refreshing org.springframework.web.context.support.GenericWebApplicationContext@d5b810e: startup date [Wed Nov 28 14:04:29 CST 2018]; root of context hierarchy
2018-11-28 14:04:29.954 [background-preinit] INFO  org.hibernate.validator.internal.util.Version - <clinit> : HV000001: Hibernate Validator 5.3.6.Final
2018-11-28 14:04:30.763 [main] INFO  net.didion.jwnl.dictionary.Dictionary - doLog : Installing dictionary net.didion.jwnl.dictionary.FileBackedDictionary@3228d990
2018-11-28 14:04:30.925 [main] INFO  org.neo4j.ogm.metadata.ClassFileProcessor - finish : Starting Post-processing phase
2018-11-28 14:04:30.926 [main] INFO  org.neo4j.ogm.metadata.ClassFileProcessor - buildAnnotationNameToClassInfoMap : Building annotation class map
2018-11-28 14:04:30.926 [main] INFO  org.neo4j.ogm.metadata.ClassFileProcessor - buildInterfaceNameToClassInfoMap : Building interface class map for 24 classes
2018-11-28 14:04:30.953 [main] INFO  org.neo4j.ogm.metadata.ClassFileProcessor - finish : Post-processing complete
2018-11-28 14:04:30.954 [main] INFO  org.neo4j.ogm.metadata.ClassFileProcessor - <init> : 24 classes loaded in 62090683 nanoseconds
2018-11-28 14:04:30.966 [main] INFO  org.neo4j.ogm.service.DriverService - load : Using: [org.neo4j.ogm.drivers.http.driver.HttpDriver]
2018-11-28 14:04:31.037 [main] WARN  o.s.data.neo4j.mapping.Neo4jPersistentProperty - resolveWhetherIdProperty : No identity field found for class of type: ntou.soselab.dictionary.algo.Word2vec when creating persistent property for field: org.slf4j.Logger ntou.soselab.dictionary.algo.Word2vec.log
2018-11-28 14:04:31.039 [main] WARN  o.s.data.neo4j.mapping.Neo4jPersistentProperty - <init> : Owning ClassInfo is null for field: null and propertyDescriptor: org.springframework.beans.GenericTypeAwarePropertyDescriptor[name=errorEnabled]
2018-11-28 14:04:31.039 [main] WARN  o.s.data.neo4j.mapping.Neo4jPersistentProperty - <init> : Owning ClassInfo is null for field: null and propertyDescriptor: org.springframework.beans.GenericTypeAwarePropertyDescriptor[name=name]
2018-11-28 14:04:31.040 [main] WARN  o.s.data.neo4j.mapping.Neo4jPersistentProperty - <init> : Owning ClassInfo is null for field: null and propertyDescriptor: org.springframework.beans.GenericTypeAwarePropertyDescriptor[name=infoEnabled]
2018-11-28 14:04:31.040 [main] WARN  o.s.data.neo4j.mapping.Neo4jPersistentProperty - <init> : Owning ClassInfo is null for field: null and propertyDescriptor: org.springframework.beans.GenericTypeAwarePropertyDescriptor[name=debugEnabled]
2018-11-28 14:04:31.041 [main] WARN  o.s.data.neo4j.mapping.Neo4jPersistentProperty - <init> : Owning ClassInfo is null for field: null and propertyDescriptor: org.springframework.beans.GenericTypeAwarePropertyDescriptor[name=traceEnabled]
2018-11-28 14:04:31.041 [main] WARN  o.s.data.neo4j.mapping.Neo4jPersistentProperty - <init> : Owning ClassInfo is null for field: null and propertyDescriptor: org.springframework.beans.GenericTypeAwarePropertyDescriptor[name=warnEnabled]
2018-11-28 14:04:31.099 [main] WARN  o.s.data.neo4j.mapping.Neo4jPersistentProperty - resolveWhetherIdProperty : No identity field found for class of type: ntou.soselab.dictionary.parse.JavaCodeParse when creating persistent property for field: org.slf4j.Logger ntou.soselab.dictionary.parse.JavaCodeParse.log
2018-11-28 14:04:31.099 [main] WARN  o.s.data.neo4j.mapping.Neo4jPersistentProperty - resolveWhetherIdProperty : No identity field found for class of type: ntou.soselab.dictionary.parse.JavaCodeParse when creating persistent property for field: ntou.soselab.dictionary.bean.CodeFragment ntou.soselab.dictionary.parse.JavaCodeParse.codeFragment
2018-11-28 14:04:31.102 [main] WARN  o.s.data.neo4j.mapping.Neo4jPersistentProperty - resolveWhetherIdProperty : No identity field found for class of type: ntou.soselab.dictionary.bean.CodeFragment when creating persistent property for field: private java.lang.String ntou.soselab.dictionary.bean.CodeFragment.uri
2018-11-28 14:04:31.102 [main] WARN  o.s.data.neo4j.mapping.Neo4jPersistentProperty - resolveWhetherIdProperty : No identity field found for class of type: ntou.soselab.dictionary.bean.CodeFragment when creating persistent property for field: private java.lang.String ntou.soselab.dictionary.bean.CodeFragment.fragment
2018-11-28 14:04:31.102 [main] INFO  o.s.data.neo4j.mapping.Neo4jMappingContext - shouldUpdateSimpleTypes : No class information found in OGM meta-data for class java.util.ArrayList so treating as simple type for SD Commons
2018-11-28 14:04:31.105 [main] WARN  o.s.data.neo4j.mapping.Neo4jPersistentProperty - resolveWhetherIdProperty : No identity field found for class of type: ntou.soselab.dictionary.parse.JavaCodeParse when creating persistent property for field: java.util.ArrayList ntou.soselab.dictionary.parse.JavaCodeParse.methodResult
2018-11-28 14:04:31.106 [main] WARN  o.s.data.neo4j.mapping.Neo4jPersistentProperty - resolveWhetherIdProperty : No identity field found for class of type: ntou.soselab.dictionary.algo.WordNetExpansion when creating persistent property for field: private edu.mit.jwi.IDictionary ntou.soselab.dictionary.algo.WordNetExpansion.dict
2018-11-28 14:04:31.108 [main] WARN  o.s.data.neo4j.mapping.Neo4jPersistentProperty - <init> : Owning ClassInfo is null for field: null and propertyDescriptor: org.springframework.beans.GenericTypeAwarePropertyDescriptor[name=version]
2018-11-28 14:04:31.108 [main] WARN  o.s.data.neo4j.mapping.Neo4jPersistentProperty - <init> : Owning ClassInfo is null for field: null and propertyDescriptor: org.springframework.beans.GenericTypeAwarePropertyDescriptor[name=open]
2018-11-28 14:04:31.109 [main] WARN  o.s.data.neo4j.mapping.Neo4jPersistentProperty - <init> : Owning ClassInfo is null for field: null and propertyDescriptor: org.springframework.beans.GenericTypeAwarePropertyDescriptor[name=senseEntryIterator]
2018-11-28 14:04:31.109 [main] INFO  o.s.data.neo4j.mapping.Neo4jMappingContext - shouldUpdateSimpleTypes : No class information found in OGM meta-data for class edu.mit.jwi.morph.WordnetStemmer so treating as simple type for SD Commons
2018-11-28 14:04:31.109 [main] WARN  o.s.data.neo4j.mapping.Neo4jPersistentProperty - resolveWhetherIdProperty : No identity field found for class of type: ntou.soselab.dictionary.algo.WordNetExpansion when creating persistent property for field: private edu.mit.jwi.morph.WordnetStemmer ntou.soselab.dictionary.algo.WordNetExpansion.wordNetStemming
2018-11-28 14:04:31.109 [main] WARN  o.s.data.neo4j.mapping.Neo4jPersistentProperty - resolveWhetherIdProperty : No identity field found for class of type: ntou.soselab.dictionary.algo.WordNetExpansion when creating persistent property for field: org.slf4j.Logger ntou.soselab.dictionary.algo.WordNetExpansion.log
2018-11-28 14:04:31.110 [main] WARN  o.s.data.neo4j.mapping.Neo4jPersistentProperty - resolveWhetherIdProperty : No identity field found for class of type: ntou.soselab.dictionary.algo.WordNetExpansion when creating persistent property for field: ntou.soselab.dictionary.algo.TokenizationAndStemming ntou.soselab.dictionary.algo.WordNetExpansion.tokenizationAndStemming
2018-11-28 14:04:31.112 [main] WARN  o.s.data.neo4j.mapping.Neo4jPersistentProperty - resolveWhetherIdProperty : No identity field found for class of type: ntou.soselab.dictionary.algo.TokenizationAndStemming when creating persistent property for field: org.slf4j.Logger ntou.soselab.dictionary.algo.TokenizationAndStemming.log
2018-11-28 14:04:31.113 [main] WARN  o.s.data.neo4j.mapping.Neo4jPersistentProperty - resolveWhetherIdProperty : No identity field found for class of type: ntou.soselab.dictionary.algo.TokenizationAndStemming when creating persistent property for field: final java.util.List ntou.soselab.dictionary.algo.TokenizationAndStemming.stopWords
2018-11-28 14:04:31.113 [main] WARN  o.s.data.neo4j.mapping.Neo4jPersistentProperty - resolveWhetherIdProperty : No identity field found for class of type: ntou.soselab.dictionary.algo.WordNetExpansion when creating persistent property for field: private java.lang.String ntou.soselab.dictionary.algo.WordNetExpansion.jwnlPropertiesPath
2018-11-28 14:04:31.114 [main] WARN  o.s.data.neo4j.mapping.Neo4jPersistentProperty - resolveWhetherIdProperty : No identity field found for class of type: ntou.soselab.dictionary.algo.WordNetExpansion when creating persistent property for field: private java.lang.String ntou.soselab.dictionary.algo.WordNetExpansion.wordNetPath
2018-11-28 14:04:31.114 [main] WARN  o.s.data.neo4j.mapping.Neo4jPersistentProperty - resolveWhetherIdProperty : No identity field found for class of type: ntou.soselab.dictionary.algo.WordNetExpansion when creating persistent property for field: private java.lang.String[] ntou.soselab.dictionary.algo.WordNetExpansion.stackOverflowWords
2018-11-28 14:04:31.115 [main] WARN  o.s.data.neo4j.mapping.Neo4jPersistentProperty - resolveWhetherIdProperty : No identity field found for class of type: ntou.soselab.dictionary.algo.WordNetExpansion when creating persistent property for field: private double ntou.soselab.dictionary.algo.WordNetExpansion.threshold
2018-11-28 14:04:31.115 [main] INFO  o.s.data.neo4j.mapping.Neo4jMappingContext - shouldUpdateSimpleTypes : No class information found in OGM meta-data for class java.io.File so treating as simple type for SD Commons
2018-11-28 14:04:31.115 [main] WARN  o.s.data.neo4j.mapping.Neo4jPersistentProperty - resolveWhetherIdProperty : No identity field found for class of type: ntou.soselab.dictionary.algo.WordNetExpansion when creating persistent property for field: java.io.File ntou.soselab.dictionary.algo.WordNetExpansion.jwiFile
2018-11-28 14:04:31.116 [main] WARN  o.s.data.neo4j.mapping.Neo4jPersistentProperty - resolveWhetherIdProperty : No identity field found for class of type: ntou.soselab.dictionary.algo.WordNetExpansion when creating persistent property for field: java.io.File ntou.soselab.dictionary.algo.WordNetExpansion.jwnlFile
2018-11-28 14:04:31.116 [main] INFO  o.s.data.neo4j.mapping.Neo4jMappingContext - shouldUpdateSimpleTypes : No class information found in OGM meta-data for class java.io.FileInputStream so treating as simple type for SD Commons
2018-11-28 14:04:31.116 [main] WARN  o.s.data.neo4j.mapping.Neo4jPersistentProperty - resolveWhetherIdProperty : No identity field found for class of type: ntou.soselab.dictionary.algo.WordNetExpansion when creating persistent property for field: java.io.FileInputStream ntou.soselab.dictionary.algo.WordNetExpansion.propertiesStream
2018-11-28 14:04:31.123 [main] WARN  o.s.data.neo4j.mapping.Neo4jPersistentProperty - resolveWhetherIdProperty : No identity field found for class of type: ntou.soselab.dictionary.algo.LDA$ValueComparator when creating persistent property for field: java.util.Map ntou.soselab.dictionary.algo.LDA$ValueComparator.base
2018-11-28 14:04:31.125 [main] WARN  o.s.data.neo4j.mapping.Neo4jPersistentProperty - resolveWhetherIdProperty : No identity field found for class of type: ntou.soselab.dictionary.PythonTest when creating persistent property for field: org.slf4j.Logger ntou.soselab.dictionary.PythonTest.log
2018-11-28 14:04:31.126 [main] WARN  o.s.data.neo4j.mapping.Neo4jPersistentProperty - resolveWhetherIdProperty : No identity field found for class of type: ntou.soselab.dictionary.PythonTest when creating persistent property for field: ntou.soselab.dictionary.algo.Word2vec ntou.soselab.dictionary.PythonTest.word2vec
2018-11-28 14:04:31.128 [main] WARN  o.s.data.neo4j.mapping.Neo4jPersistentProperty - resolveWhetherIdProperty : No identity field found for class of type: ntou.soselab.dictionary.GuruLocalFiles when creating persistent property for field: org.slf4j.Logger ntou.soselab.dictionary.GuruLocalFiles.log
2018-11-28 14:04:31.130 [main] WARN  o.s.data.neo4j.mapping.Neo4jPersistentProperty - resolveWhetherIdProperty : No identity field found for class of type: ntou.soselab.dictionary.GuruLocalFiles when creating persistent property for field: ntou.soselab.dictionary.parse.ParseSwagger ntou.soselab.dictionary.GuruLocalFiles.parseSwagger
2018-11-28 14:04:31.132 [main] WARN  o.s.data.neo4j.mapping.Neo4jPersistentProperty - resolveWhetherIdProperty : No identity field found for class of type: ntou.soselab.dictionary.LogBackTest when creating persistent property for field: org.slf4j.Logger ntou.soselab.dictionary.LogBackTest.log
2018-11-28 14:04:31.142 [main] WARN  o.s.data.neo4j.mapping.Neo4jPersistentProperty - resolveWhetherIdProperty : No identity field found for class of type: ntou.soselab.dictionary.TFIDFCSV when creating persistent property for field: org.slf4j.Logger ntou.soselab.dictionary.TFIDFCSV.log
2018-11-28 14:04:31.143 [main] WARN  o.s.data.neo4j.mapping.Neo4jPersistentProperty - resolveWhetherIdProperty : No identity field found for class of type: ntou.soselab.dictionary.TFIDFCSV when creating persistent property for field: ntou.soselab.dictionary.parse.ParseSwagger ntou.soselab.dictionary.TFIDFCSV.parseSwagger
2018-11-28 14:04:31.145 [main] WARN  o.s.data.neo4j.mapping.Neo4jPersistentProperty - resolveWhetherIdProperty : No identity field found for class of type: ntou.soselab.dictionary.TFIDFCSV when creating persistent property for field: ntou.soselab.dictionary.repository.ResourceRepository ntou.soselab.dictionary.TFIDFCSV.resourceRepository
2018-11-28 14:04:31.146 [main] WARN  o.s.data.neo4j.mapping.Neo4jPersistentProperty - resolveWhetherIdProperty : No identity field found for class of type: ntou.soselab.dictionary.algo.LDA when creating persistent property for field: private java.lang.String[] ntou.soselab.dictionary.algo.LDA.defaultContractions
2018-11-28 14:04:31.147 [main] WARN  o.s.data.neo4j.mapping.Neo4jPersistentProperty - resolveWhetherIdProperty : No identity field found for class of type: ntou.soselab.dictionary.algo.LDA when creating persistent property for field: private int ntou.soselab.dictionary.algo.LDA.defaultNumIterations
2018-11-28 14:04:31.148 [main] WARN  o.s.data.neo4j.mapping.Neo4jPersistentProperty - resolveWhetherIdProperty : No identity field found for class of type: ntou.soselab.dictionary.algo.LDA when creating persistent property for field: private int ntou.soselab.dictionary.algo.LDA.defaultNumTopics
2018-11-28 14:04:31.148 [main] WARN  o.s.data.neo4j.mapping.Neo4jPersistentProperty - resolveWhetherIdProperty : No identity field found for class of type: ntou.soselab.dictionary.algo.LDA when creating persistent property for field: private int ntou.soselab.dictionary.algo.LDA.defaultNumThreads
2018-11-28 14:04:31.148 [main] WARN  o.s.data.neo4j.mapping.Neo4jPersistentProperty - resolveWhetherIdProperty : No identity field found for class of type: ntou.soselab.dictionary.algo.LDA when creating persistent property for field: private int ntou.soselab.dictionary.algo.LDA.defaultNumWords
2018-11-28 14:04:31.149 [main] WARN  o.s.data.neo4j.mapping.Neo4jPersistentProperty - resolveWhetherIdProperty : No identity field found for class of type: ntou.soselab.dictionary.parse.ParseSwagger when creating persistent property for field: org.slf4j.Logger ntou.soselab.dictionary.parse.ParseSwagger.log
2018-11-28 14:04:31.149 [main] WARN  o.s.data.neo4j.mapping.Neo4jPersistentProperty - resolveWhetherIdProperty : No identity field found for class of type: ntou.soselab.dictionary.parse.ParseSwagger when creating persistent property for field: ntou.soselab.dictionary.parse.SwaggerToLDA ntou.soselab.dictionary.parse.ParseSwagger.swaggerToLDA
2018-11-28 14:04:31.150 [main] WARN  o.s.data.neo4j.mapping.Neo4jPersistentProperty - resolveWhetherIdProperty : No identity field found for class of type: ntou.soselab.dictionary.parse.SwaggerToLDA when creating persistent property for field: org.slf4j.Logger ntou.soselab.dictionary.parse.SwaggerToLDA.log
2018-11-28 14:04:31.151 [main] WARN  o.s.data.neo4j.mapping.Neo4jPersistentProperty - resolveWhetherIdProperty : No identity field found for class of type: ntou.soselab.dictionary.parse.SwaggerToLDA when creating persistent property for field: ntou.soselab.dictionary.algo.TokenizationAndStemming ntou.soselab.dictionary.parse.SwaggerToLDA.tokenizationAndStemming
2018-11-28 14:04:31.152 [main] WARN  o.s.data.neo4j.mapping.Neo4jPersistentProperty - resolveWhetherIdProperty : No identity field found for class of type: ntou.soselab.dictionary.parse.ParseSwagger when creating persistent property for field: ntou.soselab.dictionary.repository.ResourceRepository ntou.soselab.dictionary.parse.ParseSwagger.resourceRepository
2018-11-28 14:04:31.152 [main] WARN  o.s.data.neo4j.mapping.Neo4jPersistentProperty - resolveWhetherIdProperty : No identity field found for class of type: ntou.soselab.dictionary.parse.ParseSwagger when creating persistent property for field: ntou.soselab.dictionary.algo.WordNetExpansion ntou.soselab.dictionary.parse.ParseSwagger.wordNetExpansion
2018-11-28 14:04:31.152 [main] WARN  o.s.data.neo4j.mapping.Neo4jPersistentProperty - resolveWhetherIdProperty : No identity field found for class of type: ntou.soselab.dictionary.parse.ParseSwagger when creating persistent property for field: ntou.soselab.dictionary.algo.TokenizationAndStemming ntou.soselab.dictionary.parse.ParseSwagger.tokenizationAndStemming
2018-11-28 14:04:31.154 [main] WARN  o.s.data.neo4j.mapping.Neo4jPersistentProperty - resolveWhetherIdProperty : No identity field found for class of type: ntou.soselab.dictionary.JavaParseTest when creating persistent property for field: org.slf4j.Logger ntou.soselab.dictionary.JavaParseTest.log
2018-11-28 14:04:31.156 [main] WARN  o.s.data.neo4j.mapping.Neo4jPersistentProperty - resolveWhetherIdProperty : No identity field found for class of type: ntou.soselab.dictionary.CosineSimilarityCSV when creating persistent property for field: org.slf4j.Logger ntou.soselab.dictionary.CosineSimilarityCSV.log
2018-11-28 14:04:31.156 [main] WARN  o.s.data.neo4j.mapping.Neo4jPersistentProperty - resolveWhetherIdProperty : No identity field found for class of type: ntou.soselab.dictionary.CosineSimilarityCSV when creating persistent property for field: ntou.soselab.dictionary.repository.ResourceRepository ntou.soselab.dictionary.CosineSimilarityCSV.resourceRepository
2018-11-28 14:04:31.157 [main] WARN  o.s.data.neo4j.mapping.Neo4jPersistentProperty - resolveWhetherIdProperty : No identity field found for class of type: ntou.soselab.dictionary.CosineSimilarityCSV when creating persistent property for field: ntou.soselab.dictionary.algo.CosineSimilarity ntou.soselab.dictionary.CosineSimilarityCSV.cosineSimilarity
2018-11-28 14:04:31.158 [main] WARN  o.s.data.neo4j.mapping.Neo4jPersistentProperty - resolveWhetherIdProperty : No identity field found for class of type: ntou.soselab.dictionary.WordNetTest when creating persistent property for field: org.slf4j.Logger ntou.soselab.dictionary.WordNetTest.log
2018-11-28 14:04:31.158 [main] WARN  o.s.data.neo4j.mapping.Neo4jPersistentProperty - resolveWhetherIdProperty : No identity field found for class of type: ntou.soselab.dictionary.WordNetTest when creating persistent property for field: ntou.soselab.dictionary.algo.WordNetExpansion ntou.soselab.dictionary.WordNetTest.wordNetExpansion
2018-11-28 14:04:31.159 [main] INFO  o.s.data.neo4j.mapping.Neo4jMappingContext - <init> : Neo4jMappingContext initialisation completed
2018-11-28 14:04:31.737 [main] INFO  o.s.w.s.m.m.a.RequestMappingHandlerAdapter - initControllerAdviceCache : Looking for @ControllerAdvice: org.springframework.web.context.support.GenericWebApplicationContext@d5b810e: startup date [Wed Nov 28 14:04:29 CST 2018]; root of context hierarchy
2018-11-28 14:04:31.821 [main] INFO  o.s.w.s.m.m.a.RequestMappingHandlerMapping - register : Mapped "{[/error]}" onto public org.springframework.http.ResponseEntity<java.util.Map<java.lang.String, java.lang.Object>> org.springframework.boot.autoconfigure.web.BasicErrorController.error(javax.servlet.http.HttpServletRequest)
2018-11-28 14:04:31.823 [main] INFO  o.s.w.s.m.m.a.RequestMappingHandlerMapping - register : Mapped "{[/error],produces=[text/html]}" onto public org.springframework.web.servlet.ModelAndView org.springframework.boot.autoconfigure.web.BasicErrorController.errorHtml(javax.servlet.http.HttpServletRequest,javax.servlet.http.HttpServletResponse)
2018-11-28 14:04:31.868 [main] INFO  o.s.web.servlet.handler.SimpleUrlHandlerMapping - registerHandler : Mapped URL path [/webjars/**] onto handler of type [class org.springframework.web.servlet.resource.ResourceHttpRequestHandler]
2018-11-28 14:04:31.868 [main] INFO  o.s.web.servlet.handler.SimpleUrlHandlerMapping - registerHandler : Mapped URL path [/**] onto handler of type [class org.springframework.web.servlet.resource.ResourceHttpRequestHandler]
2018-11-28 14:04:31.921 [main] INFO  o.s.web.servlet.handler.SimpleUrlHandlerMapping - registerHandler : Mapped URL path [/**/favicon.ico] onto handler of type [class org.springframework.web.servlet.resource.ResourceHttpRequestHandler]
2018-11-28 14:04:32.214 [main] INFO  ntou.soselab.dictionary.LogBackTest - logStarted : Started LogBackTest in 3.179 seconds (JVM running for 4.054)
2018-11-28 14:04:32.257 [main] INFO  ntou.soselab.dictionary.LogBackTest - logBack : It is INFO
2018-11-28 14:04:32.257 [main] WARN  ntou.soselab.dictionary.LogBackTest - logBack : It is WARN
2018-11-28 14:04:32.257 [main] ERROR ntou.soselab.dictionary.LogBackTest - logBack : IT is ERROR
2018-11-28 14:04:32.264 [Thread-2] INFO  o.s.w.context.support.GenericWebApplicationContext - doClose : Closing org.springframework.web.context.support.GenericWebApplicationContext@d5b810e: startup date [Wed Nov 28 14:04:29 CST 2018]; root of context hierarchy
2018-11-28 14:04:32.267 [Thread-2] INFO  org.neo4j.ogm.drivers.http.driver.HttpDriver - close : Shutting down Http driver org.neo4j.ogm.drivers.http.driver.HttpDriver@79729f0b 
2018-11-28 14:10:09.685 [main] INFO  ntou.soselab.dictionary.WordNetTest - logStarting : Starting WordNetTest on DESKTOP-09K8KCL with PID 2832 (started by surpr in E:\STS_Test\Dictionary)
2018-11-28 14:10:09.688 [main] INFO  ntou.soselab.dictionary.WordNetTest - logStartupProfileInfo : No active profile set, falling back to default profiles: default
2018-11-28 14:10:09.743 [main] INFO  o.s.w.context.support.GenericWebApplicationContext - prepareRefresh : Refreshing org.springframework.web.context.support.GenericWebApplicationContext@485966cc: startup date [Wed Nov 28 14:10:09 CST 2018]; root of context hierarchy
2018-11-28 14:10:10.089 [background-preinit] INFO  org.hibernate.validator.internal.util.Version - <clinit> : HV000001: Hibernate Validator 5.3.6.Final
2018-11-28 14:10:10.997 [main] INFO  net.didion.jwnl.dictionary.Dictionary - doLog : Installing dictionary net.didion.jwnl.dictionary.FileBackedDictionary@2c444798
2018-11-28 14:10:11.179 [main] INFO  org.neo4j.ogm.metadata.ClassFileProcessor - finish : Starting Post-processing phase
2018-11-28 14:10:11.180 [main] INFO  org.neo4j.ogm.metadata.ClassFileProcessor - buildAnnotationNameToClassInfoMap : Building annotation class map
2018-11-28 14:10:11.180 [main] INFO  org.neo4j.ogm.metadata.ClassFileProcessor - buildInterfaceNameToClassInfoMap : Building interface class map for 24 classes
2018-11-28 14:10:11.212 [main] INFO  org.neo4j.ogm.metadata.ClassFileProcessor - finish : Post-processing complete
2018-11-28 14:10:11.213 [main] INFO  org.neo4j.ogm.metadata.ClassFileProcessor - <init> : 24 classes loaded in 68443382 nanoseconds
2018-11-28 14:10:11.227 [main] INFO  org.neo4j.ogm.service.DriverService - load : Using: [org.neo4j.ogm.drivers.http.driver.HttpDriver]
2018-11-28 14:10:11.324 [main] WARN  o.s.data.neo4j.mapping.Neo4jPersistentProperty - resolveWhetherIdProperty : No identity field found for class of type: ntou.soselab.dictionary.algo.Word2vec when creating persistent property for field: org.slf4j.Logger ntou.soselab.dictionary.algo.Word2vec.log
2018-11-28 14:10:11.327 [main] WARN  o.s.data.neo4j.mapping.Neo4jPersistentProperty - <init> : Owning ClassInfo is null for field: null and propertyDescriptor: org.springframework.beans.GenericTypeAwarePropertyDescriptor[name=errorEnabled]
2018-11-28 14:10:11.327 [main] WARN  o.s.data.neo4j.mapping.Neo4jPersistentProperty - <init> : Owning ClassInfo is null for field: null and propertyDescriptor: org.springframework.beans.GenericTypeAwarePropertyDescriptor[name=name]
2018-11-28 14:10:11.328 [main] WARN  o.s.data.neo4j.mapping.Neo4jPersistentProperty - <init> : Owning ClassInfo is null for field: null and propertyDescriptor: org.springframework.beans.GenericTypeAwarePropertyDescriptor[name=infoEnabled]
2018-11-28 14:10:11.328 [main] WARN  o.s.data.neo4j.mapping.Neo4jPersistentProperty - <init> : Owning ClassInfo is null for field: null and propertyDescriptor: org.springframework.beans.GenericTypeAwarePropertyDescriptor[name=debugEnabled]
2018-11-28 14:10:11.328 [main] WARN  o.s.data.neo4j.mapping.Neo4jPersistentProperty - <init> : Owning ClassInfo is null for field: null and propertyDescriptor: org.springframework.beans.GenericTypeAwarePropertyDescriptor[name=traceEnabled]
2018-11-28 14:10:11.329 [main] WARN  o.s.data.neo4j.mapping.Neo4jPersistentProperty - <init> : Owning ClassInfo is null for field: null and propertyDescriptor: org.springframework.beans.GenericTypeAwarePropertyDescriptor[name=warnEnabled]
2018-11-28 14:10:11.430 [main] WARN  o.s.data.neo4j.mapping.Neo4jPersistentProperty - resolveWhetherIdProperty : No identity field found for class of type: ntou.soselab.dictionary.parse.JavaCodeParse when creating persistent property for field: org.slf4j.Logger ntou.soselab.dictionary.parse.JavaCodeParse.log
2018-11-28 14:10:11.430 [main] WARN  o.s.data.neo4j.mapping.Neo4jPersistentProperty - resolveWhetherIdProperty : No identity field found for class of type: ntou.soselab.dictionary.parse.JavaCodeParse when creating persistent property for field: ntou.soselab.dictionary.bean.CodeFragment ntou.soselab.dictionary.parse.JavaCodeParse.codeFragment
2018-11-28 14:10:11.432 [main] WARN  o.s.data.neo4j.mapping.Neo4jPersistentProperty - resolveWhetherIdProperty : No identity field found for class of type: ntou.soselab.dictionary.bean.CodeFragment when creating persistent property for field: private java.lang.String ntou.soselab.dictionary.bean.CodeFragment.uri
2018-11-28 14:10:11.433 [main] WARN  o.s.data.neo4j.mapping.Neo4jPersistentProperty - resolveWhetherIdProperty : No identity field found for class of type: ntou.soselab.dictionary.bean.CodeFragment when creating persistent property for field: private java.lang.String ntou.soselab.dictionary.bean.CodeFragment.fragment
2018-11-28 14:10:11.434 [main] INFO  o.s.data.neo4j.mapping.Neo4jMappingContext - shouldUpdateSimpleTypes : No class information found in OGM meta-data for class java.util.ArrayList so treating as simple type for SD Commons
2018-11-28 14:10:11.437 [main] WARN  o.s.data.neo4j.mapping.Neo4jPersistentProperty - resolveWhetherIdProperty : No identity field found for class of type: ntou.soselab.dictionary.parse.JavaCodeParse when creating persistent property for field: java.util.ArrayList ntou.soselab.dictionary.parse.JavaCodeParse.methodResult
2018-11-28 14:10:11.438 [main] WARN  o.s.data.neo4j.mapping.Neo4jPersistentProperty - resolveWhetherIdProperty : No identity field found for class of type: ntou.soselab.dictionary.algo.WordNetExpansion when creating persistent property for field: private edu.mit.jwi.IDictionary ntou.soselab.dictionary.algo.WordNetExpansion.dict
2018-11-28 14:10:11.441 [main] WARN  o.s.data.neo4j.mapping.Neo4jPersistentProperty - <init> : Owning ClassInfo is null for field: null and propertyDescriptor: org.springframework.beans.GenericTypeAwarePropertyDescriptor[name=version]
2018-11-28 14:10:11.442 [main] WARN  o.s.data.neo4j.mapping.Neo4jPersistentProperty - <init> : Owning ClassInfo is null for field: null and propertyDescriptor: org.springframework.beans.GenericTypeAwarePropertyDescriptor[name=open]
2018-11-28 14:10:11.442 [main] WARN  o.s.data.neo4j.mapping.Neo4jPersistentProperty - <init> : Owning ClassInfo is null for field: null and propertyDescriptor: org.springframework.beans.GenericTypeAwarePropertyDescriptor[name=senseEntryIterator]
2018-11-28 14:10:11.443 [main] INFO  o.s.data.neo4j.mapping.Neo4jMappingContext - shouldUpdateSimpleTypes : No class information found in OGM meta-data for class edu.mit.jwi.morph.WordnetStemmer so treating as simple type for SD Commons
2018-11-28 14:10:11.444 [main] WARN  o.s.data.neo4j.mapping.Neo4jPersistentProperty - resolveWhetherIdProperty : No identity field found for class of type: ntou.soselab.dictionary.algo.WordNetExpansion when creating persistent property for field: private edu.mit.jwi.morph.WordnetStemmer ntou.soselab.dictionary.algo.WordNetExpansion.wordNetStemming
2018-11-28 14:10:11.444 [main] WARN  o.s.data.neo4j.mapping.Neo4jPersistentProperty - resolveWhetherIdProperty : No identity field found for class of type: ntou.soselab.dictionary.algo.WordNetExpansion when creating persistent property for field: org.slf4j.Logger ntou.soselab.dictionary.algo.WordNetExpansion.log
2018-11-28 14:10:11.445 [main] WARN  o.s.data.neo4j.mapping.Neo4jPersistentProperty - resolveWhetherIdProperty : No identity field found for class of type: ntou.soselab.dictionary.algo.WordNetExpansion when creating persistent property for field: ntou.soselab.dictionary.algo.TokenizationAndStemming ntou.soselab.dictionary.algo.WordNetExpansion.tokenizationAndStemming
2018-11-28 14:10:11.447 [main] WARN  o.s.data.neo4j.mapping.Neo4jPersistentProperty - resolveWhetherIdProperty : No identity field found for class of type: ntou.soselab.dictionary.algo.TokenizationAndStemming when creating persistent property for field: org.slf4j.Logger ntou.soselab.dictionary.algo.TokenizationAndStemming.log
2018-11-28 14:10:11.448 [main] WARN  o.s.data.neo4j.mapping.Neo4jPersistentProperty - resolveWhetherIdProperty : No identity field found for class of type: ntou.soselab.dictionary.algo.TokenizationAndStemming when creating persistent property for field: final java.util.List ntou.soselab.dictionary.algo.TokenizationAndStemming.stopWords
2018-11-28 14:10:11.448 [main] WARN  o.s.data.neo4j.mapping.Neo4jPersistentProperty - resolveWhetherIdProperty : No identity field found for class of type: ntou.soselab.dictionary.algo.WordNetExpansion when creating persistent property for field: private java.lang.String ntou.soselab.dictionary.algo.WordNetExpansion.jwnlPropertiesPath
2018-11-28 14:10:11.449 [main] WARN  o.s.data.neo4j.mapping.Neo4jPersistentProperty - resolveWhetherIdProperty : No identity field found for class of type: ntou.soselab.dictionary.algo.WordNetExpansion when creating persistent property for field: private java.lang.String ntou.soselab.dictionary.algo.WordNetExpansion.wordNetPath
2018-11-28 14:10:11.449 [main] WARN  o.s.data.neo4j.mapping.Neo4jPersistentProperty - resolveWhetherIdProperty : No identity field found for class of type: ntou.soselab.dictionary.algo.WordNetExpansion when creating persistent property for field: private java.lang.String[] ntou.soselab.dictionary.algo.WordNetExpansion.stackOverflowWords
2018-11-28 14:10:11.450 [main] WARN  o.s.data.neo4j.mapping.Neo4jPersistentProperty - resolveWhetherIdProperty : No identity field found for class of type: ntou.soselab.dictionary.algo.WordNetExpansion when creating persistent property for field: private double ntou.soselab.dictionary.algo.WordNetExpansion.threshold
2018-11-28 14:10:11.450 [main] INFO  o.s.data.neo4j.mapping.Neo4jMappingContext - shouldUpdateSimpleTypes : No class information found in OGM meta-data for class java.io.File so treating as simple type for SD Commons
2018-11-28 14:10:11.451 [main] WARN  o.s.data.neo4j.mapping.Neo4jPersistentProperty - resolveWhetherIdProperty : No identity field found for class of type: ntou.soselab.dictionary.algo.WordNetExpansion when creating persistent property for field: java.io.File ntou.soselab.dictionary.algo.WordNetExpansion.jwiFile
2018-11-28 14:10:11.452 [main] WARN  o.s.data.neo4j.mapping.Neo4jPersistentProperty - resolveWhetherIdProperty : No identity field found for class of type: ntou.soselab.dictionary.algo.WordNetExpansion when creating persistent property for field: java.io.File ntou.soselab.dictionary.algo.WordNetExpansion.jwnlFile
2018-11-28 14:10:11.452 [main] INFO  o.s.data.neo4j.mapping.Neo4jMappingContext - shouldUpdateSimpleTypes : No class information found in OGM meta-data for class java.io.FileInputStream so treating as simple type for SD Commons
2018-11-28 14:10:11.453 [main] WARN  o.s.data.neo4j.mapping.Neo4jPersistentProperty - resolveWhetherIdProperty : No identity field found for class of type: ntou.soselab.dictionary.algo.WordNetExpansion when creating persistent property for field: java.io.FileInputStream ntou.soselab.dictionary.algo.WordNetExpansion.propertiesStream
2018-11-28 14:10:11.463 [main] WARN  o.s.data.neo4j.mapping.Neo4jPersistentProperty - resolveWhetherIdProperty : No identity field found for class of type: ntou.soselab.dictionary.algo.LDA$ValueComparator when creating persistent property for field: java.util.Map ntou.soselab.dictionary.algo.LDA$ValueComparator.base
2018-11-28 14:10:11.466 [main] WARN  o.s.data.neo4j.mapping.Neo4jPersistentProperty - resolveWhetherIdProperty : No identity field found for class of type: ntou.soselab.dictionary.PythonTest when creating persistent property for field: org.slf4j.Logger ntou.soselab.dictionary.PythonTest.log
2018-11-28 14:10:11.466 [main] WARN  o.s.data.neo4j.mapping.Neo4jPersistentProperty - resolveWhetherIdProperty : No identity field found for class of type: ntou.soselab.dictionary.PythonTest when creating persistent property for field: ntou.soselab.dictionary.algo.Word2vec ntou.soselab.dictionary.PythonTest.word2vec
2018-11-28 14:10:11.467 [main] WARN  o.s.data.neo4j.mapping.Neo4jPersistentProperty - resolveWhetherIdProperty : No identity field found for class of type: ntou.soselab.dictionary.GuruLocalFiles when creating persistent property for field: org.slf4j.Logger ntou.soselab.dictionary.GuruLocalFiles.log
2018-11-28 14:10:11.468 [main] WARN  o.s.data.neo4j.mapping.Neo4jPersistentProperty - resolveWhetherIdProperty : No identity field found for class of type: ntou.soselab.dictionary.GuruLocalFiles when creating persistent property for field: ntou.soselab.dictionary.parse.ParseSwagger ntou.soselab.dictionary.GuruLocalFiles.parseSwagger
2018-11-28 14:10:11.470 [main] WARN  o.s.data.neo4j.mapping.Neo4jPersistentProperty - resolveWhetherIdProperty : No identity field found for class of type: ntou.soselab.dictionary.LogBackTest when creating persistent property for field: org.slf4j.Logger ntou.soselab.dictionary.LogBackTest.log
2018-11-28 14:10:11.479 [main] WARN  o.s.data.neo4j.mapping.Neo4jPersistentProperty - resolveWhetherIdProperty : No identity field found for class of type: ntou.soselab.dictionary.TFIDFCSV when creating persistent property for field: org.slf4j.Logger ntou.soselab.dictionary.TFIDFCSV.log
2018-11-28 14:10:11.480 [main] WARN  o.s.data.neo4j.mapping.Neo4jPersistentProperty - resolveWhetherIdProperty : No identity field found for class of type: ntou.soselab.dictionary.TFIDFCSV when creating persistent property for field: ntou.soselab.dictionary.parse.ParseSwagger ntou.soselab.dictionary.TFIDFCSV.parseSwagger
2018-11-28 14:10:11.481 [main] WARN  o.s.data.neo4j.mapping.Neo4jPersistentProperty - resolveWhetherIdProperty : No identity field found for class of type: ntou.soselab.dictionary.TFIDFCSV when creating persistent property for field: ntou.soselab.dictionary.repository.ResourceRepository ntou.soselab.dictionary.TFIDFCSV.resourceRepository
2018-11-28 14:10:11.482 [main] WARN  o.s.data.neo4j.mapping.Neo4jPersistentProperty - resolveWhetherIdProperty : No identity field found for class of type: ntou.soselab.dictionary.algo.LDA when creating persistent property for field: private java.lang.String[] ntou.soselab.dictionary.algo.LDA.defaultContractions
2018-11-28 14:10:11.482 [main] WARN  o.s.data.neo4j.mapping.Neo4jPersistentProperty - resolveWhetherIdProperty : No identity field found for class of type: ntou.soselab.dictionary.algo.LDA when creating persistent property for field: private int ntou.soselab.dictionary.algo.LDA.defaultNumIterations
2018-11-28 14:10:11.482 [main] WARN  o.s.data.neo4j.mapping.Neo4jPersistentProperty - resolveWhetherIdProperty : No identity field found for class of type: ntou.soselab.dictionary.algo.LDA when creating persistent property for field: private int ntou.soselab.dictionary.algo.LDA.defaultNumTopics
2018-11-28 14:10:11.483 [main] WARN  o.s.data.neo4j.mapping.Neo4jPersistentProperty - resolveWhetherIdProperty : No identity field found for class of type: ntou.soselab.dictionary.algo.LDA when creating persistent property for field: private int ntou.soselab.dictionary.algo.LDA.defaultNumThreads
2018-11-28 14:10:11.483 [main] WARN  o.s.data.neo4j.mapping.Neo4jPersistentProperty - resolveWhetherIdProperty : No identity field found for class of type: ntou.soselab.dictionary.algo.LDA when creating persistent property for field: private int ntou.soselab.dictionary.algo.LDA.defaultNumWords
2018-11-28 14:10:11.483 [main] WARN  o.s.data.neo4j.mapping.Neo4jPersistentProperty - resolveWhetherIdProperty : No identity field found for class of type: ntou.soselab.dictionary.parse.ParseSwagger when creating persistent property for field: org.slf4j.Logger ntou.soselab.dictionary.parse.ParseSwagger.log
2018-11-28 14:10:11.484 [main] WARN  o.s.data.neo4j.mapping.Neo4jPersistentProperty - resolveWhetherIdProperty : No identity field found for class of type: ntou.soselab.dictionary.parse.ParseSwagger when creating persistent property for field: ntou.soselab.dictionary.parse.SwaggerToLDA ntou.soselab.dictionary.parse.ParseSwagger.swaggerToLDA
2018-11-28 14:10:11.486 [main] WARN  o.s.data.neo4j.mapping.Neo4jPersistentProperty - resolveWhetherIdProperty : No identity field found for class of type: ntou.soselab.dictionary.parse.SwaggerToLDA when creating persistent property for field: org.slf4j.Logger ntou.soselab.dictionary.parse.SwaggerToLDA.log
2018-11-28 14:10:11.487 [main] WARN  o.s.data.neo4j.mapping.Neo4jPersistentProperty - resolveWhetherIdProperty : No identity field found for class of type: ntou.soselab.dictionary.parse.SwaggerToLDA when creating persistent property for field: ntou.soselab.dictionary.algo.TokenizationAndStemming ntou.soselab.dictionary.parse.SwaggerToLDA.tokenizationAndStemming
2018-11-28 14:10:11.488 [main] WARN  o.s.data.neo4j.mapping.Neo4jPersistentProperty - resolveWhetherIdProperty : No identity field found for class of type: ntou.soselab.dictionary.parse.ParseSwagger when creating persistent property for field: ntou.soselab.dictionary.repository.ResourceRepository ntou.soselab.dictionary.parse.ParseSwagger.resourceRepository
2018-11-28 14:10:11.488 [main] WARN  o.s.data.neo4j.mapping.Neo4jPersistentProperty - resolveWhetherIdProperty : No identity field found for class of type: ntou.soselab.dictionary.parse.ParseSwagger when creating persistent property for field: ntou.soselab.dictionary.algo.WordNetExpansion ntou.soselab.dictionary.parse.ParseSwagger.wordNetExpansion
2018-11-28 14:10:11.488 [main] WARN  o.s.data.neo4j.mapping.Neo4jPersistentProperty - resolveWhetherIdProperty : No identity field found for class of type: ntou.soselab.dictionary.parse.ParseSwagger when creating persistent property for field: ntou.soselab.dictionary.algo.TokenizationAndStemming ntou.soselab.dictionary.parse.ParseSwagger.tokenizationAndStemming
2018-11-28 14:10:11.491 [main] WARN  o.s.data.neo4j.mapping.Neo4jPersistentProperty - resolveWhetherIdProperty : No identity field found for class of type: ntou.soselab.dictionary.JavaParseTest when creating persistent property for field: org.slf4j.Logger ntou.soselab.dictionary.JavaParseTest.log
2018-11-28 14:10:11.493 [main] WARN  o.s.data.neo4j.mapping.Neo4jPersistentProperty - resolveWhetherIdProperty : No identity field found for class of type: ntou.soselab.dictionary.CosineSimilarityCSV when creating persistent property for field: org.slf4j.Logger ntou.soselab.dictionary.CosineSimilarityCSV.log
2018-11-28 14:10:11.493 [main] WARN  o.s.data.neo4j.mapping.Neo4jPersistentProperty - resolveWhetherIdProperty : No identity field found for class of type: ntou.soselab.dictionary.CosineSimilarityCSV when creating persistent property for field: ntou.soselab.dictionary.repository.ResourceRepository ntou.soselab.dictionary.CosineSimilarityCSV.resourceRepository
2018-11-28 14:10:11.494 [main] WARN  o.s.data.neo4j.mapping.Neo4jPersistentProperty - resolveWhetherIdProperty : No identity field found for class of type: ntou.soselab.dictionary.CosineSimilarityCSV when creating persistent property for field: ntou.soselab.dictionary.algo.CosineSimilarity ntou.soselab.dictionary.CosineSimilarityCSV.cosineSimilarity
2018-11-28 14:10:11.495 [main] WARN  o.s.data.neo4j.mapping.Neo4jPersistentProperty - resolveWhetherIdProperty : No identity field found for class of type: ntou.soselab.dictionary.WordNetTest when creating persistent property for field: org.slf4j.Logger ntou.soselab.dictionary.WordNetTest.log
2018-11-28 14:10:11.496 [main] WARN  o.s.data.neo4j.mapping.Neo4jPersistentProperty - resolveWhetherIdProperty : No identity field found for class of type: ntou.soselab.dictionary.WordNetTest when creating persistent property for field: ntou.soselab.dictionary.algo.WordNetExpansion ntou.soselab.dictionary.WordNetTest.wordNetExpansion
2018-11-28 14:10:11.496 [main] INFO  o.s.data.neo4j.mapping.Neo4jMappingContext - <init> : Neo4jMappingContext initialisation completed
2018-11-28 14:10:12.098 [main] INFO  o.s.w.s.m.m.a.RequestMappingHandlerAdapter - initControllerAdviceCache : Looking for @ControllerAdvice: org.springframework.web.context.support.GenericWebApplicationContext@485966cc: startup date [Wed Nov 28 14:10:09 CST 2018]; root of context hierarchy
2018-11-28 14:10:12.180 [main] INFO  o.s.w.s.m.m.a.RequestMappingHandlerMapping - register : Mapped "{[/error]}" onto public org.springframework.http.ResponseEntity<java.util.Map<java.lang.String, java.lang.Object>> org.springframework.boot.autoconfigure.web.BasicErrorController.error(javax.servlet.http.HttpServletRequest)
2018-11-28 14:10:12.182 [main] INFO  o.s.w.s.m.m.a.RequestMappingHandlerMapping - register : Mapped "{[/error],produces=[text/html]}" onto public org.springframework.web.servlet.ModelAndView org.springframework.boot.autoconfigure.web.BasicErrorController.errorHtml(javax.servlet.http.HttpServletRequest,javax.servlet.http.HttpServletResponse)
2018-11-28 14:10:12.221 [main] INFO  o.s.web.servlet.handler.SimpleUrlHandlerMapping - registerHandler : Mapped URL path [/webjars/**] onto handler of type [class org.springframework.web.servlet.resource.ResourceHttpRequestHandler]
2018-11-28 14:10:12.221 [main] INFO  o.s.web.servlet.handler.SimpleUrlHandlerMapping - registerHandler : Mapped URL path [/**] onto handler of type [class org.springframework.web.servlet.resource.ResourceHttpRequestHandler]
2018-11-28 14:10:12.261 [main] INFO  o.s.web.servlet.handler.SimpleUrlHandlerMapping - registerHandler : Mapped URL path [/**/favicon.ico] onto handler of type [class org.springframework.web.servlet.resource.ResourceHttpRequestHandler]
2018-11-28 14:10:12.508 [main] INFO  ntou.soselab.dictionary.WordNetTest - logStarted : Started WordNetTest in 3.403 seconds (JVM running for 4.342)
2018-11-28 14:10:12.759 [main] INFO  ntou.soselab.dictionary.WordNetTest - wordnetTest : testWord1 --> Word :atmospheric_condition Score :0.99955
2018-11-28 14:10:12.759 [main] INFO  ntou.soselab.dictionary.WordNetTest - wordnetTest : testWord1 --> Word :weather_condition Score :0.99955
2018-11-28 14:10:12.760 [main] INFO  ntou.soselab.dictionary.WordNetTest - wordnetTest : testWord2 --> Word :atmospheric_condition Score :0.99955
2018-11-28 14:10:12.760 [main] INFO  ntou.soselab.dictionary.WordNetTest - wordnetTest : testWord2 --> Word :weather_condition Score :0.99955
2018-11-28 14:10:12.760 [main] INFO  ntou.soselab.dictionary.WordNetTest - wordnetTest : wordSum --> Word :atmospheric_condition 
2018-11-28 14:10:12.760 [main] INFO  ntou.soselab.dictionary.WordNetTest - wordnetTest : wordSum --> Word :weather_condition 
2018-11-28 14:10:12.765 [Thread-2] INFO  o.s.w.context.support.GenericWebApplicationContext - doClose : Closing org.springframework.web.context.support.GenericWebApplicationContext@485966cc: startup date [Wed Nov 28 14:10:09 CST 2018]; root of context hierarchy
2018-11-28 14:10:12.768 [Thread-2] INFO  org.neo4j.ogm.drivers.http.driver.HttpDriver - close : Shutting down Http driver org.neo4j.ogm.drivers.http.driver.HttpDriver@4c323cd5 
